<?xml version="1.0" encoding="UTF-8" ?>
<testsuite tests="5" failures="2" name="TestSuite" time="80.757" errors="0" skipped="0">
  <properties>
[...]
</properties>
  <testcase classname="com.automation.qa.testcases.HomePageTest" name="createNewRegustrationTest" time="32.95">
    <failure message="Cannot locate element with text: 2015.0
For documentation on this error, please visit: https://www.seleniumhq.org/exceptions/no_such_element.html
Build info: version: &apos;3.141.59&apos;, revision: &apos;e82be7d358&apos;, time: &apos;2018-11-14T08:17:03&apos;
System info: host: &apos;SCOMP16&apos;, ip: &apos;192.168.2.16&apos;, os.name: &apos;Windows 7&apos;, os.arch: &apos;x86&apos;, os.version: &apos;6.1&apos;, java.version: &apos;1.8.0_171&apos;
Driver info: driver.version: unknown" type="org.openqa.selenium.NoSuchElementException">org.openqa.selenium.NoSuchElementException: Cannot locate element with text: 2015.0
For documentation on this error, please visit: https://www.seleniumhq.org/exceptions/no_such_element.html
Build info: version: &apos;3.141.59&apos;, revision: &apos;e82be7d358&apos;, time: &apos;2018-11-14T08:17:03&apos;
System info: host: &apos;SCOMP16&apos;, ip: &apos;192.168.2.16&apos;, os.name: &apos;Windows 7&apos;, os.arch: &apos;x86&apos;, os.version: &apos;6.1&apos;, java.version: &apos;1.8.0_171&apos;
Driver info: driver.version: unknown
	at org.openqa.selenium.support.ui.Select.selectByVisibleText(Select.java:147)
	at com.automation.qa.pages.HomePage.createNewRegustration(HomePage.java:74)
	at com.automation.qa.testcases.HomePageTest.createNewRegustrationTest(HomePageTest.java:42)
</failure>
    <system-out>Configuring TestNG with: org.apache.maven.surefire.testng.conf.TestNG652Configurator@6d8acf
Before navigating to: &apos;http://demo.automationtesting.in/Index.html&apos;
Navigated to:&apos;http://demo.automationtesting.in/Index.html&apos;
Trying to find Element By : By.xpath: //input[contains(@id,&apos;email&apos;)]
Found Element By : By.xpath: //input[contains(@id,&apos;email&apos;)]
Trying to find Element By : By.xpath: //img[contains(@id,&apos;enterimg&apos;)]
Found Element By : By.xpath: //img[contains(@id,&apos;enterimg&apos;)]
Trying to click on: [[ChromeDriver: chrome on XP (95ecd1d99d0ea40027ed18eaaf03f87b)] -&gt; xpath: //img[contains(@id,&apos;enterimg&apos;)]]
Clicked on: [[ChromeDriver: chrome on XP (95ecd1d99d0ea40027ed18eaaf03f87b)] -&gt; xpath: //img[contains(@id,&apos;enterimg&apos;)]]
Trying to find Element By : By.xpath: //input[contains(@ng-model,&apos;FirstName&apos;)]
Found Element By : By.xpath: //input[contains(@ng-model,&apos;FirstName&apos;)]
Trying to find Element By : By.xpath: //input[contains(@ng-model,&apos;LastName&apos;)]
Found Element By : By.xpath: //input[contains(@ng-model,&apos;LastName&apos;)]
Trying to find Element By : By.xpath: //input[contains(@type,&apos;email&apos;)]
Found Element By : By.xpath: //input[contains(@type,&apos;email&apos;)]
Trying to find Element By : By.xpath: //input[contains(@ng-model,&apos;Phone&apos;)]
Found Element By : By.xpath: //input[contains(@ng-model,&apos;Phone&apos;)]
Trying to find Element By : By.xpath: //input[starts-with(@value,&apos;Male&apos;)]
Found Element By : By.xpath: //input[starts-with(@value,&apos;Male&apos;)]
Trying to click on: [[ChromeDriver: chrome on XP (95ecd1d99d0ea40027ed18eaaf03f87b)] -&gt; xpath: //input[starts-with(@value,&apos;Male&apos;)]]
Clicked on: [[ChromeDriver: chrome on XP (95ecd1d99d0ea40027ed18eaaf03f87b)] -&gt; xpath: //input[starts-with(@value,&apos;Male&apos;)]]
Trying to find Element By : By.xpath: .//*[@id=&apos;countries&apos;]
Found Element By : By.xpath: .//*[@id=&apos;countries&apos;]
Trying to find Element By : By.xpath: .//*[@id=&apos;countries&apos;]
Found Element By : By.xpath: .//*[@id=&apos;countries&apos;]
Trying to find Element By : By.xpath: .//*[@id=&apos;countries&apos;]
Found Element By : By.xpath: .//*[@id=&apos;countries&apos;]
Trying to find Element By : By.xpath: .//option[normalize-space(.) = &quot;India&quot;]
Found Element By : By.xpath: .//option[normalize-space(.) = &quot;India&quot;]
Trying to click on: [[[[ChromeDriver: chrome on XP (95ecd1d99d0ea40027ed18eaaf03f87b)] -&gt; xpath: .//*[@id=&apos;countries&apos;]]] -&gt; xpath: .//option[normalize-space(.) = &quot;India&quot;]]
Clicked on: [[[[ChromeDriver: chrome on XP (95ecd1d99d0ea40027ed18eaaf03f87b)] -&gt; xpath: .//*[@id=&apos;countries&apos;]]] -&gt; xpath: .//option[normalize-space(.) = &quot;India&quot;]]
Trying to find Element By : By.xpath: .//*[@id=&apos;yearbox&apos;]
Found Element By : By.xpath: .//*[@id=&apos;yearbox&apos;]
Trying to find Element By : By.xpath: .//*[@id=&apos;yearbox&apos;]
Found Element By : By.xpath: .//*[@id=&apos;yearbox&apos;]
Trying to find Element By : By.xpath: .//*[@id=&apos;yearbox&apos;]
Found Element By : By.xpath: .//*[@id=&apos;yearbox&apos;]
Trying to find Element By : By.xpath: .//option[normalize-space(.) = &quot;2015.0&quot;]
Found Element By : By.xpath: .//option[normalize-space(.) = &quot;2015.0&quot;]
</system-out>
    <system-err>Starting ChromeDriver 2.38.552522 (437e6fbedfa8762dec75e2c5b3ddb86763dc9dcb) on port 46381
Only local connections are allowed.
Feb 22, 2019 6:14:43 PM org.openqa.selenium.remote.ProtocolHandshake createSession
INFO: Detected dialect: OSS
</system-err>
  </testcase>
  <testcase classname="com.automation.qa.testcases.HomePageTest" name="createNewRegustrationTest" time="33.411">
    <failure message="Cannot locate element with text: 2015.0
For documentation on this error, please visit: https://www.seleniumhq.org/exceptions/no_such_element.html
Build info: version: &apos;3.141.59&apos;, revision: &apos;e82be7d358&apos;, time: &apos;2018-11-14T08:17:03&apos;
System info: host: &apos;SCOMP16&apos;, ip: &apos;192.168.2.16&apos;, os.name: &apos;Windows 7&apos;, os.arch: &apos;x86&apos;, os.version: &apos;6.1&apos;, java.version: &apos;1.8.0_171&apos;
Driver info: driver.version: unknown" type="org.openqa.selenium.NoSuchElementException">org.openqa.selenium.NoSuchElementException: Cannot locate element with text: 2015.0
For documentation on this error, please visit: https://www.seleniumhq.org/exceptions/no_such_element.html
Build info: version: &apos;3.141.59&apos;, revision: &apos;e82be7d358&apos;, time: &apos;2018-11-14T08:17:03&apos;
System info: host: &apos;SCOMP16&apos;, ip: &apos;192.168.2.16&apos;, os.name: &apos;Windows 7&apos;, os.arch: &apos;x86&apos;, os.version: &apos;6.1&apos;, java.version: &apos;1.8.0_171&apos;
Driver info: driver.version: unknown
	at org.openqa.selenium.support.ui.Select.selectByVisibleText(Select.java:147)
	at com.automation.qa.pages.HomePage.createNewRegustration(HomePage.java:74)
	at com.automation.qa.testcases.HomePageTest.createNewRegustrationTest(HomePageTest.java:42)
</failure>
    <system-out>Before navigating to: &apos;http://demo.automationtesting.in/Index.html&apos;
Navigated to:&apos;http://demo.automationtesting.in/Index.html&apos;
Trying to find Element By : By.xpath: //input[contains(@id,&apos;email&apos;)]
Found Element By : By.xpath: //input[contains(@id,&apos;email&apos;)]
Trying to find Element By : By.xpath: //img[contains(@id,&apos;enterimg&apos;)]
Found Element By : By.xpath: //img[contains(@id,&apos;enterimg&apos;)]
Trying to click on: [[ChromeDriver: chrome on XP (706b91e1888eaa725ee2495f5bf4b4a3)] -&gt; xpath: //img[contains(@id,&apos;enterimg&apos;)]]
Clicked on: [[ChromeDriver: chrome on XP (706b91e1888eaa725ee2495f5bf4b4a3)] -&gt; xpath: //img[contains(@id,&apos;enterimg&apos;)]]
Trying to find Element By : By.xpath: //input[contains(@ng-model,&apos;FirstName&apos;)]
Found Element By : By.xpath: //input[contains(@ng-model,&apos;FirstName&apos;)]
Trying to find Element By : By.xpath: //input[contains(@ng-model,&apos;LastName&apos;)]
Found Element By : By.xpath: //input[contains(@ng-model,&apos;LastName&apos;)]
Trying to find Element By : By.xpath: //input[contains(@type,&apos;email&apos;)]
Found Element By : By.xpath: //input[contains(@type,&apos;email&apos;)]
Trying to find Element By : By.xpath: //input[contains(@ng-model,&apos;Phone&apos;)]
Found Element By : By.xpath: //input[contains(@ng-model,&apos;Phone&apos;)]
Trying to find Element By : By.xpath: //input[starts-with(@value,&apos;Male&apos;)]
Found Element By : By.xpath: //input[starts-with(@value,&apos;Male&apos;)]
Trying to click on: [[ChromeDriver: chrome on XP (706b91e1888eaa725ee2495f5bf4b4a3)] -&gt; xpath: //input[starts-with(@value,&apos;Male&apos;)]]
Clicked on: [[ChromeDriver: chrome on XP (706b91e1888eaa725ee2495f5bf4b4a3)] -&gt; xpath: //input[starts-with(@value,&apos;Male&apos;)]]
Trying to find Element By : By.xpath: .//*[@id=&apos;countries&apos;]
Found Element By : By.xpath: .//*[@id=&apos;countries&apos;]
Trying to find Element By : By.xpath: .//*[@id=&apos;countries&apos;]
Found Element By : By.xpath: .//*[@id=&apos;countries&apos;]
Trying to find Element By : By.xpath: .//*[@id=&apos;countries&apos;]
Found Element By : By.xpath: .//*[@id=&apos;countries&apos;]
Trying to find Element By : By.xpath: .//option[normalize-space(.) = &quot;India&quot;]
Found Element By : By.xpath: .//option[normalize-space(.) = &quot;India&quot;]
Trying to click on: [[[[ChromeDriver: chrome on XP (706b91e1888eaa725ee2495f5bf4b4a3)] -&gt; xpath: .//*[@id=&apos;countries&apos;]]] -&gt; xpath: .//option[normalize-space(.) = &quot;India&quot;]]
Clicked on: [[[[ChromeDriver: chrome on XP (706b91e1888eaa725ee2495f5bf4b4a3)] -&gt; xpath: .//*[@id=&apos;countries&apos;]]] -&gt; xpath: .//option[normalize-space(.) = &quot;India&quot;]]
Trying to find Element By : By.xpath: .//*[@id=&apos;yearbox&apos;]
Found Element By : By.xpath: .//*[@id=&apos;yearbox&apos;]
Trying to find Element By : By.xpath: .//*[@id=&apos;yearbox&apos;]
Found Element By : By.xpath: .//*[@id=&apos;yearbox&apos;]
Trying to find Element By : By.xpath: .//*[@id=&apos;yearbox&apos;]
Found Element By : By.xpath: .//*[@id=&apos;yearbox&apos;]
Trying to find Element By : By.xpath: .//option[normalize-space(.) = &quot;2015.0&quot;]
Found Element By : By.xpath: .//option[normalize-space(.) = &quot;2015.0&quot;]
</system-out>
    <system-err>Starting ChromeDriver 2.38.552522 (437e6fbedfa8762dec75e2c5b3ddb86763dc9dcb) on port 44547
Only local connections are allowed.
Feb 22, 2019 6:15:40 PM org.openqa.selenium.remote.ProtocolHandshake createSession
INFO: Detected dialect: OSS
</system-err>
  </testcase>
  <testcase classname="com.automation.qa.testcases.LoginPageTest" name="validateLoginPageTitleTest" time="0.015"/>
  <testcase classname="com.automation.qa.testcases.LoginPageTest" name="validateLaginPageLogoTest" time="0.063"/>
  <testcase classname="com.automation.qa.testcases.LoginPageTest" name="loginTest" time="14.318"/>
</testsuite>